<?xml version="1.0" encoding="UTF-8"?>
<!-- Generated by org.testng.reporters.JUnitReportReporter -->
<testsuite hostname="DESKTOP-2L7855K" failures="0" tests="2" name="ApiTests" time="2.107" errors="0" timestamp="2022-11-07T19:17:43 COT" skipped="0">
  <testcase classname="ApiTests" name="test1" time="1.818"/>
  <system-out/>
  <testcase classname="ApiTests" name="test2" time="0.289"/>
  <system-out/>
</testsuite> <!-- ApiTests -->
